{
  "stats": {
    "suites": 2,
    "tests": 1,
    "passes": 1,
    "pending": 0,
    "failures": 0,
    "start": "2017-07-18T07:07:14.880Z",
    "end": "2017-07-18T07:07:15.891Z",
    "duration": 1011,
    "testsRegistered": 1,
    "passPercent": 100,
    "pendingPercent": 0,
    "other": 0,
    "hasOther": false,
    "skipped": 0,
    "hasSkipped": false,
    "passPercentClass": "success",
    "pendingPercentClass": "danger"
  },
  "suites": {
    "title": "",
    "suites": [
      {
        "title": "User",
        "suites": [
          {
            "title": "#save()",
            "suites": [],
            "tests": [
              {
                "title": "should save without error",
                "fullTitle": "User #save() should save without error",
                "timedOut": false,
                "duration": 1003,
                "state": "passed",
                "speed": "slow",
                "pass": true,
                "fail": false,
                "pending": false,
                "code": "var user = new User('Luna');\nconsole.log(\"執行save\")\nuser.save(function(err) {\n  if (err) throw err;\n  //在 mocha 裡，測 async 程式是很簡單的事，訣竅在於多個 done() 的函式呼叫。\n  done();\n\tconsole.log(\"save完成\")\n});",
                "err": {},
                "isRoot": false,
                "uuid": "1c46991d-ba79-4edf-bee8-639002dd422e",
                "parentUUID": "aaa6b1a4-ba41-4e09-ad58-b6dfc5748a2c",
                "isHook": false,
                "skipped": false
              }
            ],
            "pending": [],
            "root": false,
            "_timeout": 2000,
            "file": "/asy.js",
            "uuid": "aaa6b1a4-ba41-4e09-ad58-b6dfc5748a2c",
            "beforeHooks": [],
            "afterHooks": [],
            "fullFile": "/Users/kueikuei/Public/Coding_File/JavaScript/mocha/asy.js",
            "passes": [
              {
                "title": "should save without error",
                "fullTitle": "User #save() should save without error",
                "timedOut": false,
                "duration": 1003,
                "state": "passed",
                "speed": "slow",
                "pass": true,
                "fail": false,
                "pending": false,
                "code": "var user = new User('Luna');\nconsole.log(\"執行save\")\nuser.save(function(err) {\n  if (err) throw err;\n  //在 mocha 裡，測 async 程式是很簡單的事，訣竅在於多個 done() 的函式呼叫。\n  done();\n\tconsole.log(\"save完成\")\n});",
                "err": {},
                "isRoot": false,
                "uuid": "1c46991d-ba79-4edf-bee8-639002dd422e",
                "parentUUID": "aaa6b1a4-ba41-4e09-ad58-b6dfc5748a2c",
                "isHook": false,
                "skipped": false
              }
            ],
            "failures": [],
            "skipped": [],
            "hasBeforeHooks": false,
            "hasAfterHooks": false,
            "hasTests": true,
            "hasSuites": false,
            "totalTests": 1,
            "totalPasses": 1,
            "totalFailures": 0,
            "totalPending": 0,
            "totalSkipped": 0,
            "hasPasses": true,
            "hasFailures": false,
            "hasPending": false,
            "hasSkipped": false,
            "duration": 1003,
            "rootEmpty": false
          }
        ],
        "tests": [],
        "pending": [],
        "root": false,
        "_timeout": 2000,
        "file": "/asy.js",
        "uuid": "6389d709-aac2-4fa4-93b5-758b460e4d5a",
        "beforeHooks": [],
        "afterHooks": [],
        "fullFile": "/Users/kueikuei/Public/Coding_File/JavaScript/mocha/asy.js",
        "passes": [],
        "failures": [],
        "skipped": [],
        "hasBeforeHooks": false,
        "hasAfterHooks": false,
        "hasTests": false,
        "hasSuites": true,
        "totalTests": 0,
        "totalPasses": 0,
        "totalFailures": 0,
        "totalPending": 0,
        "totalSkipped": 0,
        "hasPasses": false,
        "hasFailures": false,
        "hasPending": false,
        "hasSkipped": false,
        "duration": 0,
        "rootEmpty": false
      }
    ],
    "tests": [],
    "pending": [],
    "root": true,
    "_timeout": 2000,
    "uuid": "9c7ee4c3-409e-412d-a887-6961a1ce267e",
    "beforeHooks": [],
    "afterHooks": [],
    "fullFile": "",
    "file": "",
    "passes": [],
    "failures": [],
    "skipped": [],
    "hasBeforeHooks": false,
    "hasAfterHooks": false,
    "hasTests": false,
    "hasSuites": true,
    "totalTests": 0,
    "totalPasses": 0,
    "totalFailures": 0,
    "totalPending": 0,
    "totalSkipped": 0,
    "hasPasses": false,
    "hasFailures": false,
    "hasPending": false,
    "hasSkipped": false,
    "duration": 0,
    "rootEmpty": true
  },
  "allTests": [
    {
      "title": "should save without error",
      "fullTitle": "#save() should save without error",
      "timedOut": false,
      "duration": 1003,
      "state": "passed",
      "speed": "slow",
      "pass": true,
      "fail": false,
      "pending": false,
      "code": "var user = new User('Luna');\nconsole.log(\"執行save\")\nuser.save(function(err) {\n  if (err) throw err;\n  //在 mocha 裡，測 async 程式是很簡單的事，訣竅在於多個 done() 的函式呼叫。\n  done();\n\tconsole.log(\"save完成\")\n});",
      "err": {},
      "isRoot": false,
      "uuid": "1c46991d-ba79-4edf-bee8-639002dd422e",
      "parentUUID": "aaa6b1a4-ba41-4e09-ad58-b6dfc5748a2c",
      "isHook": false,
      "skipped": false
    }
  ],
  "allPending": [],
  "allPasses": [
    {
      "title": "should save without error",
      "fullTitle": "#save() should save without error",
      "timedOut": false,
      "duration": 1003,
      "state": "passed",
      "speed": "slow",
      "pass": true,
      "fail": false,
      "pending": false,
      "code": "var user = new User('Luna');\nconsole.log(\"執行save\")\nuser.save(function(err) {\n  if (err) throw err;\n  //在 mocha 裡，測 async 程式是很簡單的事，訣竅在於多個 done() 的函式呼叫。\n  done();\n\tconsole.log(\"save完成\")\n});",
      "err": {},
      "isRoot": false,
      "uuid": "1c46991d-ba79-4edf-bee8-639002dd422e",
      "parentUUID": "aaa6b1a4-ba41-4e09-ad58-b6dfc5748a2c",
      "isHook": false,
      "skipped": false
    }
  ],
  "allFailures": [],
  "copyrightYear": 2017
}